<?xml version="1.0" encoding="UTF-8" ?>
<testsuite failures="0" time="0.279" errors="0" skipped="0" tests="3" name="com.evertonvm.sample.challenge.service.ExpenseServiceTest">
  <properties>
    <property name="java.runtime.name" value="Java(TM) SE Runtime Environment"/>
    <property name="sun.boot.library.path" value="C:\tools\jdk1.7.0_17\jre\bin"/>
    <property name="java.vm.version" value="23.7-b01"/>
    <property name="java.vm.vendor" value="Oracle Corporation"/>
    <property name="java.vendor.url" value="http://java.oracle.com/"/>
    <property name="path.separator" value=";"/>
    <property name="java.vm.name" value="Java HotSpot(TM) 64-Bit Server VM"/>
    <property name="file.encoding.pkg" value="sun.io"/>
    <property name="user.script" value=""/>
    <property name="user.country" value="US"/>
    <property name="sun.java.launcher" value="SUN_STANDARD"/>
    <property name="sun.os.patch.level" value="Service Pack 1"/>
    <property name="java.vm.specification.name" value="Java Virtual Machine Specification"/>
    <property name="user.dir" value="C:\temp\poc\Challenge"/>
    <property name="java.runtime.version" value="1.7.0_17-b02"/>
    <property name="java.awt.graphicsenv" value="sun.awt.Win32GraphicsEnvironment"/>
    <property name="basedir" value="C:\temp\poc\Challenge"/>
    <property name="java.endorsed.dirs" value="C:\tools\jdk1.7.0_17\jre\lib\endorsed"/>
    <property name="os.arch" value="amd64"/>
    <property name="surefire.real.class.path" value="C:\Users\e044943\AppData\Local\Temp\surefirebooter2308003205745702584.jar"/>
    <property name="java.io.tmpdir" value="C:\Users\e044943\AppData\Local\Temp\"/>
    <property name="line.separator" value="
"/>
    <property name="java.vm.specification.vendor" value="Oracle Corporation"/>
    <property name="user.variant" value=""/>
    <property name="os.name" value="Windows 7"/>
    <property name="sun.jnu.encoding" value="Cp1252"/>
    <property name="java.library.path" value="C:\tools\jdk1.7.0_17\jre\bin;C:\WINDOWS\Sun\Java\bin;C:\WINDOWS\system32;C:\WINDOWS;%SystemRoot%\system32\WindowsPowerShell\v1.0\;C:\Data\Notedata;C:\WINDOWS\system32;C:\WINDOWS;C:\WINDOWS\System32\Wbem;C:\WINDOWS\System32\WindowsPowerShell\v1.0\;C:\Lotus\Notes;C:\Program Files (x86)\Novell\ZENworks\bin;C:\Program Files\TortoiseSVN\bin;C:\Data\Notedata;C:\WINDOWS\system32;C:\WINDOWS;C:\WINDOWS\System32\Wbem;C:\WINDOWS\System32\WindowsPowerShell\v1.0\;C:\Lotus\Notes;C:\Program Files (x86)\Novell\ZENworks\bin;C:\Program Files\TortoiseSVN\bin;C:\tools\jdk1.7.0_17\bin;C:\Maven\v3.0\bin;."/>
    <property name="surefire.test.class.path" value="C:\temp\poc\Challenge\target\test-classes;C:\temp\poc\Challenge\target\classes;C:\Users\e044943\.m2\repository\junit\junit\4.11\junit-4.11.jar;C:\Users\e044943\.m2\repository\org\hamcrest\hamcrest-core\1.3\hamcrest-core-1.3.jar;"/>
    <property name="java.specification.name" value="Java Platform API Specification"/>
    <property name="java.class.version" value="51.0"/>
    <property name="sun.management.compiler" value="HotSpot 64-Bit Tiered Compilers"/>
    <property name="os.version" value="6.1"/>
    <property name="user.home" value="C:\Users\e044943"/>
    <property name="user.timezone" value=""/>
    <property name="java.awt.printerjob" value="sun.awt.windows.WPrinterJob"/>
    <property name="java.specification.version" value="1.7"/>
    <property name="file.encoding" value="Cp1252"/>
    <property name="user.name" value="e044943"/>
    <property name="java.class.path" value="C:\temp\poc\Challenge\target\test-classes;C:\temp\poc\Challenge\target\classes;C:\Users\e044943\.m2\repository\junit\junit\4.11\junit-4.11.jar;C:\Users\e044943\.m2\repository\org\hamcrest\hamcrest-core\1.3\hamcrest-core-1.3.jar;"/>
    <property name="java.vm.specification.version" value="1.7"/>
    <property name="sun.arch.data.model" value="64"/>
    <property name="java.home" value="C:\tools\jdk1.7.0_17\jre"/>
    <property name="sun.java.command" value="C:\Users\e044943\AppData\Local\Temp\surefirebooter2308003205745702584.jar C:\Users\e044943\AppData\Local\Temp\surefire1046841929752185409tmp C:\Users\e044943\AppData\Local\Temp\surefire6072838321127183070tmp"/>
    <property name="java.specification.vendor" value="Oracle Corporation"/>
    <property name="user.language" value="en"/>
    <property name="awt.toolkit" value="sun.awt.windows.WToolkit"/>
    <property name="java.vm.info" value="mixed mode"/>
    <property name="java.version" value="1.7.0_17"/>
    <property name="java.ext.dirs" value="C:\tools\jdk1.7.0_17\jre\lib\ext;C:\WINDOWS\Sun\Java\lib\ext"/>
    <property name="sun.boot.class.path" value="C:\tools\jdk1.7.0_17\jre\lib\resources.jar;C:\tools\jdk1.7.0_17\jre\lib\rt.jar;C:\tools\jdk1.7.0_17\jre\lib\sunrsasign.jar;C:\tools\jdk1.7.0_17\jre\lib\jsse.jar;C:\tools\jdk1.7.0_17\jre\lib\jce.jar;C:\tools\jdk1.7.0_17\jre\lib\charsets.jar;C:\tools\jdk1.7.0_17\jre\lib\jfr.jar;C:\tools\jdk1.7.0_17\jre\classes"/>
    <property name="java.vendor" value="Oracle Corporation"/>
    <property name="localRepository" value="C:\Users\e044943\.m2\repository"/>
    <property name="file.separator" value="\"/>
    <property name="java.vendor.url.bug" value="http://bugreport.sun.com/bugreport/"/>
    <property name="sun.cpu.endian" value="little"/>
    <property name="sun.io.unicode.encoding" value="UnicodeLittle"/>
    <property name="sun.desktop" value="windows"/>
    <property name="sun.cpu.isalist" value="amd64"/>
  </properties>
  <testcase time="0.029" classname="com.evertonvm.sample.challenge.service.ExpenseServiceTest" name="it_should_calculate_manager_allocation_cost_as_2100"/>
  <testcase time="0.006" classname="com.evertonvm.sample.challenge.service.ExpenseServiceTest" name="it_should_calculate_department_allocation_cost_as_2100"/>
  <testcase time="0.001" classname="com.evertonvm.sample.challenge.service.ExpenseServiceTest" name="it_should_calculate_department_allocation_cost_as_6200"/>
</testsuite>